# JRE version: OpenJDK Runtime Environment (17.0.6) (build 17.0.6+0-b2043.56-10027231)
# Java VM: OpenJDK 64-Bit Server VM (17.0.6+0-b2043.56-10027231, mixed mode, tiered, compressed oops, compressed class ptrs, g1 gc, windows-amd64)
GC Precious Log:
 CPUs: 8 total, 8 available
 Memory: 12030M
 Large Page Support: Disabled
 NUMA Support: Disabled
 Compressed Oops: Enabled (32-bit)
 Heap Region Size: 1M
 Heap Min Capacity: 8M
 Heap Initial Capacity: 188M
 Heap Max Capacity: 2G
 Pre-touch: Disabled
 Parallel Workers: 8
 Concurrent Workers: 2
 Concurrent Refinement Workers: 8
 Periodic GC: Disabled
Heap:
 garbage-first heap   total 472064K, used 335522K [0x0000000080000000, 0x0000000100000000)
  region size 1024K, 67 young (68608K), 18 survivors (18432K)
 Metaspace       used 127548K, committed 128640K, reserved 1163264K
  class space    used 16685K, committed 17216K, reserved 1048576K
GC Heap History (20 events):
Event: 11.602 GC heap before
{Heap before GC invocations=49 (full 0):
 garbage-first heap   total 271360K, used 203935K [0x0000000080000000, 0x0000000100000000)
  region size 1024K, 53 young (54272K), 6 survivors (6144K)
 Metaspace       used 87284K, committed 88000K, reserved 1130496K
  class space    used 11962K, committed 12288K, reserved 1048576K
}
Event: 11.607 GC heap after
{Heap after GC invocations=50 (full 0):
 garbage-first heap   total 271360K, used 157750K [0x0000000080000000, 0x0000000100000000)
  region size 1024K, 6 young (6144K), 6 survivors (6144K)
 Metaspace       used 87284K, committed 88000K, reserved 1130496K
  class space    used 11962K, committed 12288K, reserved 1048576K
}
Event: 11.671 GC heap before
{Heap before GC invocations=50 (full 0):
 garbage-first heap   total 271360K, used 164918K [0x0000000080000000, 0x0000000100000000)
  region size 1024K, 13 young (13312K), 6 survivors (6144K)
 Metaspace       used 87284K, committed 88000K, reserved 1130496K
  class space    used 11962K, committed 12288K, reserved 1048576K
}
Event: 11.675 GC heap after
{Heap after GC invocations=51 (full 0):
 garbage-first heap   total 271360K, used 156907K [0x0000000080000000, 0x0000000100000000)
  region size 1024K, 2 young (2048K), 2 survivors (2048K)
 Metaspace       used 87284K, committed 88000K, reserved 1130496K
  class space    used 11962K, committed 12288K, reserved 1048576K
}
Event: 11.971 GC heap before
{Heap before GC invocations=51 (full 0):
 garbage-first heap   total 271360K, used 223467K [0x0000000080000000, 0x0000000100000000)
  region size 1024K, 67 young (68608K), 2 survivors (2048K)
 Metaspace       used 87288K, committed 88000K, reserved 1130496K
  class space    used 11963K, committed 12288K, reserved 1048576K
}
Event: 11.975 GC heap after
{Heap after GC invocations=52 (full 0):
 garbage-first heap   total 472064K, used 159444K [0x0000000080000000, 0x0000000100000000)
  region size 1024K, 5 young (5120K), 5 survivors (5120K)
 Metaspace       used 87288K, committed 88000K, reserved 1130496K
  class space    used 11963K, committed 12288K, reserved 1048576K
}
Event: 13.962 GC heap before
{Heap before GC invocations=52 (full 0):
 garbage-first heap   total 472064K, used 389844K [0x0000000080000000, 0x0000000100000000)
  region size 1024K, 213 young (218112K), 5 survivors (5120K)
 Metaspace       used 99161K, committed 99968K, reserved 1138688K
  class space    used 13353K, committed 13760K, reserved 1048576K
}
Event: 13.975 GC heap after
{Heap after GC invocations=53 (full 0):
 garbage-first heap   total 472064K, used 176363K [0x0000000080000000, 0x0000000100000000)
  region size 1024K, 21 young (21504K), 21 survivors (21504K)
 Metaspace       used 99161K, committed 99968K, reserved 1138688K
  class space    used 13353K, committed 13760K, reserved 1048576K
}
Event: 52.119 GC heap before
{Heap before GC invocations=53 (full 0):
 garbage-first heap   total 472064K, used 356587K [0x0000000080000000, 0x0000000100000000)
  region size 1024K, 198 young (202752K), 21 survivors (21504K)
 Metaspace       used 105422K, committed 106368K, reserved 1146880K
  class space    used 14107K, committed 14592K, reserved 1048576K
}
Event: 52.140 GC heap after
{Heap after GC invocations=54 (full 0):
 garbage-first heap   total 472064K, used 190406K [0x0000000080000000, 0x0000000100000000)
  region size 1024K, 15 young (15360K), 15 survivors (15360K)
 Metaspace       used 105422K, committed 106368K, reserved 1146880K
  class space    used 14107K, committed 14592K, reserved 1048576K
}
Event: 1104.135 GC heap before
{Heap before GC invocations=54 (full 0):
 garbage-first heap   total 472064K, used 365510K [0x0000000080000000, 0x0000000100000000)
  region size 1024K, 187 young (191488K), 15 survivors (15360K)
 Metaspace       used 107989K, committed 108992K, reserved 1146880K
  class space    used 14367K, committed 14848K, reserved 1048576K
}
Event: 1104.149 GC heap after
{Heap after GC invocations=55 (full 0):
 garbage-first heap   total 472064K, used 197987K [0x0000000080000000, 0x0000000100000000)
  region size 1024K, 13 young (13312K), 13 survivors (13312K)
 Metaspace       used 107989K, committed 108992K, reserved 1146880K
  class space    used 14367K, committed 14848K, reserved 1048576K
}
Event: 1107.467 GC heap before
{Heap before GC invocations=55 (full 0):
 garbage-first heap   total 472064K, used 410979K [0x0000000080000000, 0x0000000100000000)
  region size 1024K, 188 young (192512K), 13 survivors (13312K)
 Metaspace       used 114425K, committed 115456K, reserved 1155072K
  class space    used 15129K, committed 15616K, reserved 1048576K
}
Event: 1107.495 GC heap after
{Heap after GC invocations=56 (full 0):
 garbage-first heap   total 472064K, used 233472K [0x0000000080000000, 0x0000000100000000)
  region size 1024K, 24 young (24576K), 24 survivors (24576K)
 Metaspace       used 114425K, committed 115456K, reserved 1155072K
  class space    used 15129K, committed 15616K, reserved 1048576K
}
Event: 1108.619 GC heap before
{Heap before GC invocations=56 (full 0):
 garbage-first heap   total 472064K, used 366592K [0x0000000080000000, 0x0000000100000000)
  region size 1024K, 155 young (158720K), 24 survivors (24576K)
 Metaspace       used 119367K, committed 120448K, reserved 1155072K
  class space    used 15588K, committed 16064K, reserved 1048576K
}
Event: 1108.642 GC heap after
{Heap after GC invocations=57 (full 0):
 garbage-first heap   total 472064K, used 249778K [0x0000000080000000, 0x0000000100000000)
  region size 1024K, 16 young (16384K), 16 survivors (16384K)
 Metaspace       used 119367K, committed 120448K, reserved 1155072K
  class space    used 15588K, committed 16064K, reserved 1048576K
}
Event: 1111.779 GC heap before
{Heap before GC invocations=57 (full 0):
 garbage-first heap   total 472064K, used 373682K [0x0000000080000000, 0x0000000100000000)
  region size 1024K, 138 young (141312K), 16 survivors (16384K)
 Metaspace       used 122438K, committed 123584K, reserved 1163264K
  class space    used 15968K, committed 16512K, reserved 1048576K
}
Event: 1111.790 GC heap after
{Heap after GC invocations=58 (full 0):
 garbage-first heap   total 472064K, used 248320K [0x0000000080000000, 0x0000000100000000)
  region size 1024K, 10 young (10240K), 10 survivors (10240K)
 Metaspace       used 122438K, committed 123584K, reserved 1163264K
  class space    used 15968K, committed 16512K, reserved 1048576K
}
Event: 1113.514 GC heap before
{Heap before GC invocations=58 (full 0):
 garbage-first heap   total 472064K, used 403968K [0x0000000080000000, 0x0000000100000000)
  region size 1024K, 126 young (129024K), 10 survivors (10240K)
 Metaspace       used 127165K, committed 128320K, reserved 1163264K
  class space    used 16630K, committed 17216K, reserved 1048576K
}
Event: 1113.533 GC heap after
{Heap after GC invocations=59 (full 0):
 garbage-first heap   total 472064K, used 283298K [0x0000000080000000, 0x0000000100000000)
  region size 1024K, 18 young (18432K), 18 survivors (18432K)
 Metaspace       used 127165K, committed 128320K, reserved 1163264K
  class space    used 16630K, committed 17216K, reserved 1048576K
}

